2021-10-25 15:46:16,076 - terminado.websocket - INFO - TermSocket.open: 1
2021-10-25 15:46:16,077 - terminado.websocket - INFO - TermSocket.open: Opened 1
2021-10-25 15:46:16,090 - terminado.websocket - INFO - TermSocket.open: 2
2021-10-25 15:46:16,091 - terminado.websocket - INFO - TermSocket.open: Opened 2
2021-10-25 15:51:07,578 - terminado.websocket - INFO - Websocket closed
2021-10-25 15:51:07,579 - terminado.websocket - INFO - Websocket closed
2021-10-25 15:51:20,083 - terminado.websocket - INFO - TermSocket.open: 1
2021-10-25 15:51:20,086 - terminado.websocket - INFO - TermSocket.open: Opened 1
2021-10-25 15:51:20,108 - terminado.websocket - INFO - TermSocket.open: 2
2021-10-25 15:51:20,108 - terminado.websocket - INFO - TermSocket.open: Opened 2
2021-10-25 16:38:52,861 - kedro.framework.session.store - INFO - `read()` not implemented for `BaseSessionStore`. Assuming empty store.
2021-10-25 16:38:52,867 - kedro.framework.session.session - WARNING - Unable to git describe /home/amir/anaconda3/University/MlOps/Kedro/srgz
2021-10-25 16:39:28,571 - kedro.framework.session.store - INFO - `read()` not implemented for `BaseSessionStore`. Assuming empty store.
2021-10-25 16:39:28,577 - kedro.framework.session.session - WARNING - Unable to git describe /home/amir/anaconda3/University/MlOps/Kedro/srgz
2021-10-25 16:39:48,155 - kedro.framework.session.store - INFO - `read()` not implemented for `BaseSessionStore`. Assuming empty store.
2021-10-25 16:39:48,161 - kedro.framework.session.session - WARNING - Unable to git describe /home/amir/anaconda3/University/MlOps/Kedro/srgz
2021-10-25 16:40:14,452 - kedro.framework.session.store - INFO - `read()` not implemented for `BaseSessionStore`. Assuming empty store.
2021-10-25 16:40:14,459 - kedro.framework.session.session - WARNING - Unable to git describe /home/amir/anaconda3/University/MlOps/Kedro/srgz
2021-10-25 16:41:43,034 - kedro.framework.session.store - INFO - `read()` not implemented for `BaseSessionStore`. Assuming empty store.
2021-10-25 16:41:43,043 - kedro.framework.session.session - WARNING - Unable to git describe /home/amir/anaconda3/University/MlOps/Kedro/srgz
2021-10-25 16:46:04,659 - kedro.framework.session.store - INFO - `read()` not implemented for `BaseSessionStore`. Assuming empty store.
2021-10-25 16:46:04,666 - kedro.framework.session.session - WARNING - Unable to git describe /home/amir/anaconda3/University/MlOps/Kedro/srgz
2021-10-25 16:47:38,786 - kedro.framework.session.store - INFO - `read()` not implemented for `BaseSessionStore`. Assuming empty store.
2021-10-25 16:47:38,794 - kedro.framework.session.session - WARNING - Unable to git describe /home/amir/anaconda3/University/MlOps/Kedro/srgz
2021-10-25 16:48:24,832 - kedro.framework.session.store - INFO - `read()` not implemented for `BaseSessionStore`. Assuming empty store.
2021-10-25 16:48:24,840 - kedro.framework.session.session - WARNING - Unable to git describe /home/amir/anaconda3/University/MlOps/Kedro/srgz
2021-10-25 16:50:32,785 - kedro.framework.session.store - INFO - `read()` not implemented for `BaseSessionStore`. Assuming empty store.
2021-10-25 16:50:32,794 - kedro.framework.session.session - WARNING - Unable to git describe /home/amir/anaconda3/University/MlOps/Kedro/srgz
2021-10-25 17:30:00,461 - kedro.framework.session.store - INFO - `read()` not implemented for `BaseSessionStore`. Assuming empty store.
2021-10-25 17:30:00,469 - kedro.framework.session.session - WARNING - Unable to git describe /home/amir/anaconda3/University/MlOps/Kedro/srgz
2021-10-25 17:31:36,989 - kedro.framework.session.store - INFO - `read()` not implemented for `BaseSessionStore`. Assuming empty store.
2021-10-25 17:31:36,997 - kedro.framework.session.session - WARNING - Unable to git describe /home/amir/anaconda3/University/MlOps/Kedro/srgz
2021-10-25 18:08:53,347 - kedro.framework.session.store - INFO - `read()` not implemented for `BaseSessionStore`. Assuming empty store.
2021-10-25 18:08:53,354 - kedro.framework.session.session - WARNING - Unable to git describe /home/amir/anaconda3/University/MlOps/Kedro/srgz
2021-10-25 18:10:34,743 - kedro.framework.session.store - INFO - `read()` not implemented for `BaseSessionStore`. Assuming empty store.
2021-10-25 18:10:34,750 - kedro.framework.session.session - WARNING - Unable to git describe /home/amir/anaconda3/University/MlOps/Kedro/srgz
2021-10-25 18:14:37,822 - kedro.framework.session.store - INFO - `read()` not implemented for `BaseSessionStore`. Assuming empty store.
2021-10-25 18:14:37,830 - kedro.framework.session.session - WARNING - Unable to git describe /home/amir/anaconda3/University/MlOps/Kedro/srgz
2021-10-25 18:18:09,659 - kedro.framework.session.store - INFO - `read()` not implemented for `BaseSessionStore`. Assuming empty store.
2021-10-25 18:18:09,667 - kedro.framework.session.session - WARNING - Unable to git describe /home/amir/anaconda3/University/MlOps/Kedro/srgz
2021-10-25 18:19:55,534 - kedro.framework.session.store - INFO - `read()` not implemented for `BaseSessionStore`. Assuming empty store.
2021-10-25 18:19:55,542 - kedro.framework.session.session - WARNING - Unable to git describe /home/amir/anaconda3/University/MlOps/Kedro/srgz
2021-10-25 18:24:01,939 - kedro.framework.session.store - INFO - `read()` not implemented for `BaseSessionStore`. Assuming empty store.
2021-10-25 18:24:01,945 - kedro.framework.session.session - WARNING - Unable to git describe /home/amir/anaconda3/University/MlOps/Kedro/srgz
2021-10-25 18:24:13,041 - kedro.framework.session.store - INFO - `read()` not implemented for `BaseSessionStore`. Assuming empty store.
2021-10-25 18:24:13,047 - kedro.framework.session.session - WARNING - Unable to git describe /home/amir/anaconda3/University/MlOps/Kedro/srgz
2021-10-25 18:26:22,987 - kedro.framework.session.store - INFO - `read()` not implemented for `BaseSessionStore`. Assuming empty store.
2021-10-25 18:26:22,995 - kedro.framework.session.session - WARNING - Unable to git describe /home/amir/anaconda3/University/MlOps/Kedro/srgz
2021-10-25 18:27:51,162 - kedro.framework.session.store - INFO - `read()` not implemented for `BaseSessionStore`. Assuming empty store.
2021-10-25 18:27:51,171 - kedro.framework.session.session - WARNING - Unable to git describe /home/amir/anaconda3/University/MlOps/Kedro/srgz
2021-10-26 19:39:03,418 - kedro.framework.session.store - INFO - `read()` not implemented for `BaseSessionStore`. Assuming empty store.
2021-10-26 19:39:03,427 - kedro.framework.session.session - WARNING - Unable to git describe /home/amir/anaconda3/University/MlOps/Kedro/srgz
2021-10-26 19:48:28,036 - kedro.framework.session.store - INFO - `read()` not implemented for `BaseSessionStore`. Assuming empty store.
2021-10-26 19:48:28,044 - kedro.framework.session.session - WARNING - Unable to git describe /home/amir/anaconda3/University/MlOps/Kedro/srgz
2021-11-16 18:25:17,563 - kedro.framework.session.store - INFO - `read()` not implemented for `BaseSessionStore`. Assuming empty store.
2021-11-16 18:25:17,569 - kedro.framework.session.session - WARNING - Unable to git describe /home/amir/anaconda3/University/MlOps/Kedro/srgz
2021-11-16 19:52:06,811 - kedro.framework.session.store - INFO - `read()` not implemented for `BaseSessionStore`. Assuming empty store.
2021-11-16 20:32:18,917 - kedro.framework.session.store - INFO - `read()` not implemented for `BaseSessionStore`. Assuming empty store.
2021-11-17 10:48:21,769 - terminado.websocket - INFO - TermSocket.open: 1
2021-11-17 10:48:21,770 - terminado.websocket - INFO - TermSocket.open: Opened 1
2021-11-17 10:48:22,309 - terminado.websocket - INFO - TermSocket.open: 2
2021-11-17 10:48:22,309 - terminado.websocket - INFO - TermSocket.open: Opened 2
2021-11-17 10:48:32,703 - kedro.framework.session.store - INFO - `read()` not implemented for `BaseSessionStore`. Assuming empty store.
2021-11-17 10:52:51,200 - kedro.framework.session.store - INFO - `read()` not implemented for `BaseSessionStore`. Assuming empty store.
2021-11-17 11:21:11,139 - kedro.framework.session.store - INFO - `read()` not implemented for `BaseSessionStore`. Assuming empty store.
2021-11-17 11:21:25,714 - kedro.framework.session.store - INFO - `read()` not implemented for `BaseSessionStore`. Assuming empty store.
2021-11-17 11:35:00,455 - kedro.framework.session.store - INFO - `read()` not implemented for `BaseSessionStore`. Assuming empty store.
2021-11-23 03:55:55,204 - kedro.framework.session.store - INFO - `read()` not implemented for `BaseSessionStore`. Assuming empty store.
2021-11-23 03:57:56,099 - kedro.framework.session.store - INFO - `read()` not implemented for `BaseSessionStore`. Assuming empty store.
2021-11-23 04:13:34,593 - kedro.framework.session.store - INFO - `read()` not implemented for `BaseSessionStore`. Assuming empty store.
2021-11-23 04:14:56,918 - kedro.framework.session.store - INFO - `read()` not implemented for `BaseSessionStore`. Assuming empty store.
2021-11-23 04:15:36,874 - kedro.framework.session.store - INFO - `read()` not implemented for `BaseSessionStore`. Assuming empty store.
2021-11-23 04:19:32,068 - kedro.framework.session.store - INFO - `read()` not implemented for `BaseSessionStore`. Assuming empty store.
2021-11-23 04:20:12,431 - kedro.framework.session.store - INFO - `read()` not implemented for `BaseSessionStore`. Assuming empty store.
2021-11-23 04:22:18,097 - kedro.framework.session.store - INFO - `read()` not implemented for `BaseSessionStore`. Assuming empty store.
2021-11-23 04:25:26,581 - kedro.framework.session.store - INFO - `read()` not implemented for `BaseSessionStore`. Assuming empty store.
2021-11-23 04:28:03,555 - kedro.framework.session.store - INFO - `read()` not implemented for `BaseSessionStore`. Assuming empty store.
2021-11-23 04:30:40,757 - kedro.framework.session.store - INFO - `read()` not implemented for `BaseSessionStore`. Assuming empty store.
2021-11-23 04:32:22,899 - kedro.framework.session.store - INFO - `read()` not implemented for `BaseSessionStore`. Assuming empty store.
2021-11-23 04:37:35,831 - kedro.framework.session.store - INFO - `read()` not implemented for `BaseSessionStore`. Assuming empty store.
2021-11-25 01:22:35,531 - kedro.framework.session.store - INFO - `read()` not implemented for `BaseSessionStore`. Assuming empty store.
2021-11-25 01:23:06,959 - kedro.framework.session.store - INFO - `read()` not implemented for `BaseSessionStore`. Assuming empty store.
2021-11-25 01:23:26,618 - kedro.framework.session.store - INFO - `read()` not implemented for `BaseSessionStore`. Assuming empty store.
2021-11-25 01:23:39,330 - kedro.framework.session.store - INFO - `read()` not implemented for `BaseSessionStore`. Assuming empty store.
2021-11-25 01:23:59,723 - kedro.framework.session.store - INFO - `read()` not implemented for `BaseSessionStore`. Assuming empty store.
2021-11-25 01:24:19,284 - kedro.framework.session.store - INFO - `read()` not implemented for `BaseSessionStore`. Assuming empty store.
2021-11-25 01:26:01,792 - kedro.framework.session.store - INFO - `read()` not implemented for `BaseSessionStore`. Assuming empty store.
2021-11-25 01:28:02,458 - kedro.framework.session.store - INFO - `read()` not implemented for `BaseSessionStore`. Assuming empty store.
2021-11-28 17:32:23,595 - kedro.framework.session.store - INFO - `read()` not implemented for `BaseSessionStore`. Assuming empty store.
2021-11-28 17:57:13,704 - kedro.framework.session.store - INFO - `read()` not implemented for `BaseSessionStore`. Assuming empty store.
2021-11-28 17:57:46,804 - kedro.framework.session.store - INFO - `read()` not implemented for `BaseSessionStore`. Assuming empty store.
2021-11-28 17:58:31,579 - kedro.framework.session.store - INFO - `read()` not implemented for `BaseSessionStore`. Assuming empty store.
2021-11-28 18:31:32,129 - kedro.framework.session.store - INFO - `read()` not implemented for `BaseSessionStore`. Assuming empty store.
2021-11-28 18:33:34,907 - kedro.framework.session.store - INFO - `read()` not implemented for `BaseSessionStore`. Assuming empty store.
2021-11-28 18:43:08,110 - kedro.framework.session.store - INFO - `read()` not implemented for `BaseSessionStore`. Assuming empty store.
2021-11-28 18:43:25,440 - kedro.framework.session.store - INFO - `read()` not implemented for `BaseSessionStore`. Assuming empty store.
2021-11-29 11:03:37,880 - kedro.framework.session.store - INFO - `read()` not implemented for `BaseSessionStore`. Assuming empty store.
2021-11-29 11:03:58,951 - kedro.framework.session.store - INFO - `read()` not implemented for `BaseSessionStore`. Assuming empty store.
2021-11-29 11:09:39,530 - kedro.framework.session.store - INFO - `read()` not implemented for `BaseSessionStore`. Assuming empty store.
2021-11-29 11:11:16,344 - kedro.framework.session.store - INFO - `read()` not implemented for `BaseSessionStore`. Assuming empty store.
2021-11-29 12:37:47,978 - kedro.framework.session.store - INFO - `read()` not implemented for `BaseSessionStore`. Assuming empty store.
2021-11-29 14:16:43,328 - kedro.framework.session.store - INFO - `read()` not implemented for `BaseSessionStore`. Assuming empty store.
2021-11-29 14:26:04,272 - kedro.framework.session.store - INFO - `read()` not implemented for `BaseSessionStore`. Assuming empty store.
2021-11-29 14:38:54,040 - kedro.framework.session.store - INFO - `read()` not implemented for `BaseSessionStore`. Assuming empty store.
2021-11-29 14:55:30,284 - kedro.framework.session.store - INFO - `read()` not implemented for `BaseSessionStore`. Assuming empty store.
2021-11-29 15:03:04,801 - kedro.framework.session.store - INFO - `read()` not implemented for `BaseSessionStore`. Assuming empty store.
2021-11-29 15:38:01,421 - kedro.framework.session.store - INFO - `read()` not implemented for `BaseSessionStore`. Assuming empty store.
2021-12-02 03:29:59,658 - kedro.framework.session.store - INFO - `read()` not implemented for `BaseSessionStore`. Assuming empty store.
2021-12-02 03:31:09,540 - kedro.framework.session.store - INFO - `read()` not implemented for `BaseSessionStore`. Assuming empty store.
2021-12-02 10:40:26,577 - kedro.framework.session.store - INFO - `read()` not implemented for `BaseSessionStore`. Assuming empty store.
2021-12-02 10:40:37,042 - kedro.framework.session.store - INFO - `read()` not implemented for `BaseSessionStore`. Assuming empty store.
2021-12-02 10:40:47,573 - kedro.framework.session.store - INFO - `read()` not implemented for `BaseSessionStore`. Assuming empty store.
2021-12-02 10:41:25,029 - kedro.framework.session.store - INFO - `read()` not implemented for `BaseSessionStore`. Assuming empty store.
2021-12-02 10:50:25,383 - kedro.framework.session.store - INFO - `read()` not implemented for `BaseSessionStore`. Assuming empty store.
2021-12-02 11:19:20,216 - kedro.framework.session.store - INFO - `read()` not implemented for `BaseSessionStore`. Assuming empty store.
2021-12-05 17:06:05,222 - kedro.framework.session.store - INFO - `read()` not implemented for `BaseSessionStore`. Assuming empty store.
2021-12-05 17:20:46,466 - root - INFO - Registered CLI hooks from 1 installed plugin(s): kedro-telemetry-0.1.3
2021-12-05 17:20:47,516 - root - INFO - Registered CLI hooks from 1 installed plugin(s): kedro-telemetry-0.1.3
2021-12-05 17:20:53,531 - kedro_telemetry.plugin - INFO - You have opted into product usage analytics.
2021-12-05 17:21:02,153 - root - INFO - Registered CLI hooks from 1 installed plugin(s): kedro-telemetry-0.1.3
2021-12-05 17:21:03,184 - root - INFO - Registered CLI hooks from 1 installed plugin(s): kedro-telemetry-0.1.3
2021-12-05 17:21:03,232 - kedro_telemetry.plugin - INFO - You have opted into product usage analytics.
2021-12-05 17:21:40,697 - root - INFO - Registered CLI hooks from 1 installed plugin(s): kedro-telemetry-0.1.3
2021-12-05 17:21:41,709 - root - INFO - Registered CLI hooks from 1 installed plugin(s): kedro-telemetry-0.1.3
2021-12-05 17:21:41,756 - kedro_telemetry.plugin - INFO - You have opted into product usage analytics.
2021-12-05 17:21:50,613 - kedro.framework.session.store - INFO - `read()` not implemented for `BaseSessionStore`. Assuming empty store.
2021-12-05 18:38:21,744 - root - INFO - Registered CLI hooks from 1 installed plugin(s): kedro-telemetry-0.1.3
2021-12-05 18:38:23,145 - root - INFO - Registered CLI hooks from 1 installed plugin(s): kedro-telemetry-0.1.3
2021-12-05 18:38:23,157 - kedro_telemetry.plugin - INFO - You have opted into product usage analytics.
2021-12-05 18:39:19,810 - root - INFO - Registered CLI hooks from 1 installed plugin(s): kedro-telemetry-0.1.3
2021-12-05 18:39:20,980 - root - INFO - Registered CLI hooks from 1 installed plugin(s): kedro-telemetry-0.1.3
2021-12-05 18:39:20,988 - kedro_telemetry.plugin - INFO - You have opted into product usage analytics.
2021-12-05 18:39:52,281 - root - INFO - Registered CLI hooks from 1 installed plugin(s): kedro-telemetry-0.1.3
2021-12-05 18:39:53,541 - root - INFO - Registered CLI hooks from 1 installed plugin(s): kedro-telemetry-0.1.3
2021-12-05 18:39:53,550 - kedro_telemetry.plugin - INFO - You have opted into product usage analytics.
2021-12-05 18:40:13,163 - root - INFO - Registered CLI hooks from 1 installed plugin(s): kedro-telemetry-0.1.3
2021-12-05 18:40:14,344 - root - INFO - Registered CLI hooks from 1 installed plugin(s): kedro-telemetry-0.1.3
2021-12-05 18:40:14,353 - kedro_telemetry.plugin - INFO - You have opted into product usage analytics.
2021-12-05 18:40:29,361 - root - INFO - Registered CLI hooks from 1 installed plugin(s): kedro-telemetry-0.1.3
2021-12-05 18:40:30,682 - root - INFO - Registered CLI hooks from 1 installed plugin(s): kedro-telemetry-0.1.3
2021-12-05 18:40:30,695 - kedro_telemetry.plugin - INFO - You have opted into product usage analytics.
2021-12-05 18:41:07,071 - root - INFO - Registered CLI hooks from 1 installed plugin(s): kedro-telemetry-0.1.3
2021-12-05 18:41:08,211 - root - INFO - Registered CLI hooks from 1 installed plugin(s): kedro-telemetry-0.1.3
2021-12-05 18:41:08,223 - kedro_telemetry.plugin - INFO - You have opted into product usage analytics.
2021-12-05 18:42:07,326 - root - INFO - Registered CLI hooks from 1 installed plugin(s): kedro-telemetry-0.1.3
2021-12-05 18:42:08,395 - root - INFO - Registered CLI hooks from 1 installed plugin(s): kedro-telemetry-0.1.3
2021-12-05 18:42:08,412 - kedro_telemetry.plugin - INFO - You have opted into product usage analytics.
2021-12-05 18:43:07,911 - root - INFO - Registered CLI hooks from 1 installed plugin(s): kedro-telemetry-0.1.3
2021-12-05 18:43:08,977 - root - INFO - Registered CLI hooks from 1 installed plugin(s): kedro-telemetry-0.1.3
2021-12-05 18:43:08,994 - kedro_telemetry.plugin - INFO - You have opted into product usage analytics.
2021-12-05 18:43:32,880 - root - INFO - Registered CLI hooks from 1 installed plugin(s): kedro-telemetry-0.1.3
2021-12-05 18:43:33,954 - root - INFO - Registered CLI hooks from 1 installed plugin(s): kedro-telemetry-0.1.3
2021-12-05 18:43:33,971 - kedro_telemetry.plugin - INFO - You have opted into product usage analytics.
2021-12-05 18:44:42,272 - root - INFO - Registered CLI hooks from 1 installed plugin(s): kedro-telemetry-0.1.3
2021-12-05 18:44:43,338 - root - INFO - Registered CLI hooks from 1 installed plugin(s): kedro-telemetry-0.1.3
2021-12-05 18:44:43,355 - kedro_telemetry.plugin - INFO - You have opted into product usage analytics.
2021-12-05 18:46:55,301 - root - INFO - Registered CLI hooks from 1 installed plugin(s): kedro-telemetry-0.1.3
2021-12-05 18:46:56,372 - root - INFO - Registered CLI hooks from 1 installed plugin(s): kedro-telemetry-0.1.3
2021-12-05 18:46:56,390 - kedro_telemetry.plugin - INFO - You have opted into product usage analytics.
2021-12-05 23:29:19,310 - root - INFO - Registered CLI hooks from 1 installed plugin(s): kedro-telemetry-0.1.3
2021-12-05 23:29:20,638 - root - INFO - Registered CLI hooks from 1 installed plugin(s): kedro-telemetry-0.1.3
2021-12-05 23:29:20,656 - kedro_telemetry.plugin - INFO - You have opted into product usage analytics.
2021-12-06 01:59:02,653 - root - INFO - Registered CLI hooks from 1 installed plugin(s): kedro-telemetry-0.1.3
2021-12-06 01:59:04,023 - root - INFO - Registered CLI hooks from 1 installed plugin(s): kedro-telemetry-0.1.3
2021-12-06 01:59:04,032 - kedro_telemetry.plugin - INFO - You have opted into product usage analytics.
2021-12-06 01:59:26,167 - root - INFO - Registered CLI hooks from 1 installed plugin(s): kedro-telemetry-0.1.3
2021-12-06 01:59:27,453 - root - INFO - Registered CLI hooks from 1 installed plugin(s): kedro-telemetry-0.1.3
2021-12-06 01:59:27,471 - kedro_telemetry.plugin - INFO - You have opted into product usage analytics.
2021-12-06 02:00:50,324 - root - INFO - Registered CLI hooks from 1 installed plugin(s): kedro-telemetry-0.1.3
2021-12-06 02:00:51,654 - root - INFO - Registered CLI hooks from 1 installed plugin(s): kedro-telemetry-0.1.3
2021-12-06 02:00:51,675 - kedro_telemetry.plugin - INFO - You have opted into product usage analytics.
2021-12-06 03:50:43,676 - root - INFO - Registered CLI hooks from 1 installed plugin(s): kedro-telemetry-0.1.3
2021-12-06 03:50:44,983 - root - INFO - Registered CLI hooks from 1 installed plugin(s): kedro-telemetry-0.1.3
2021-12-06 03:50:45,001 - kedro_telemetry.plugin - INFO - You have opted into product usage analytics.
2021-12-06 03:50:54,714 - root - INFO - Registered CLI hooks from 1 installed plugin(s): kedro-telemetry-0.1.3
2021-12-06 03:50:55,855 - root - INFO - Registered CLI hooks from 1 installed plugin(s): kedro-telemetry-0.1.3
2021-12-06 03:50:55,873 - kedro_telemetry.plugin - INFO - You have opted into product usage analytics.
2021-12-06 03:53:48,591 - root - INFO - Registered CLI hooks from 1 installed plugin(s): kedro-telemetry-0.1.3
2021-12-06 03:53:50,069 - root - INFO - Registered CLI hooks from 1 installed plugin(s): kedro-telemetry-0.1.3
2021-12-06 03:53:50,088 - kedro_telemetry.plugin - INFO - You have opted into product usage analytics.
2021-12-06 04:12:15,056 - root - INFO - Registered CLI hooks from 1 installed plugin(s): kedro-telemetry-0.1.3
2021-12-06 04:12:16,346 - root - INFO - Registered CLI hooks from 1 installed plugin(s): kedro-telemetry-0.1.3
2021-12-06 04:12:16,366 - kedro_telemetry.plugin - INFO - You have opted into product usage analytics.
2021-12-06 04:15:57,518 - root - INFO - Registered CLI hooks from 1 installed plugin(s): kedro-telemetry-0.1.3
2021-12-06 04:15:59,058 - root - INFO - Registered CLI hooks from 1 installed plugin(s): kedro-telemetry-0.1.3
2021-12-06 04:15:59,082 - kedro_telemetry.plugin - INFO - You have opted into product usage analytics.
2021-12-06 04:25:03,913 - root - INFO - Registered CLI hooks from 1 installed plugin(s): kedro-telemetry-0.1.3
2021-12-06 04:25:05,155 - root - INFO - Registered CLI hooks from 1 installed plugin(s): kedro-telemetry-0.1.3
2021-12-06 04:25:05,173 - kedro_telemetry.plugin - INFO - You have opted into product usage analytics.
2021-12-06 04:25:58,007 - root - INFO - Registered CLI hooks from 1 installed plugin(s): kedro-telemetry-0.1.3
2021-12-06 04:25:59,057 - root - INFO - Registered CLI hooks from 1 installed plugin(s): kedro-telemetry-0.1.3
2021-12-06 04:25:59,074 - kedro_telemetry.plugin - INFO - You have opted into product usage analytics.
2021-12-06 04:27:42,394 - root - INFO - Registered CLI hooks from 1 installed plugin(s): kedro-telemetry-0.1.3
2021-12-06 04:27:43,469 - root - INFO - Registered CLI hooks from 1 installed plugin(s): kedro-telemetry-0.1.3
2021-12-06 04:27:43,487 - kedro_telemetry.plugin - INFO - You have opted into product usage analytics.
2021-12-06 04:29:38,545 - root - INFO - Registered CLI hooks from 1 installed plugin(s): kedro-telemetry-0.1.3
2021-12-06 04:29:39,596 - root - INFO - Registered CLI hooks from 1 installed plugin(s): kedro-telemetry-0.1.3
2021-12-06 04:29:39,615 - kedro_telemetry.plugin - INFO - You have opted into product usage analytics.
2021-12-06 04:30:05,069 - root - INFO - Registered CLI hooks from 1 installed plugin(s): kedro-telemetry-0.1.3
2021-12-06 04:30:06,116 - root - INFO - Registered CLI hooks from 1 installed plugin(s): kedro-telemetry-0.1.3
2021-12-06 04:30:06,134 - kedro_telemetry.plugin - INFO - You have opted into product usage analytics.
2021-12-06 12:57:56,839 - root - INFO - Registered CLI hooks from 1 installed plugin(s): kedro-telemetry-0.1.3
2021-12-06 12:57:58,140 - root - INFO - Registered CLI hooks from 1 installed plugin(s): kedro-telemetry-0.1.3
2021-12-06 12:57:58,160 - kedro_telemetry.plugin - INFO - You have opted into product usage analytics.
2021-12-06 12:57:59,495 - kedro.framework.session.store - INFO - `read()` not implemented for `BaseSessionStore`. Assuming empty store.
2021-12-06 13:06:53,957 - root - INFO - Registered CLI hooks from 1 installed plugin(s): kedro-telemetry-0.1.3
2021-12-06 13:06:55,196 - root - INFO - Registered CLI hooks from 1 installed plugin(s): kedro-telemetry-0.1.3
2021-12-06 13:06:55,216 - kedro_telemetry.plugin - INFO - You have opted into product usage analytics.
2021-12-06 13:07:28,865 - root - INFO - Registered CLI hooks from 1 installed plugin(s): kedro-telemetry-0.1.3
2021-12-06 13:07:29,915 - root - INFO - Registered CLI hooks from 1 installed plugin(s): kedro-telemetry-0.1.3
2021-12-06 13:07:29,932 - kedro_telemetry.plugin - INFO - You have opted into product usage analytics.
2021-12-06 13:08:30,906 - root - INFO - Registered CLI hooks from 1 installed plugin(s): kedro-telemetry-0.1.3
2021-12-06 13:08:31,949 - root - INFO - Registered CLI hooks from 1 installed plugin(s): kedro-telemetry-0.1.3
2021-12-06 13:08:31,966 - kedro_telemetry.plugin - INFO - You have opted into product usage analytics.
2021-12-06 13:21:46,978 - root - INFO - Registered CLI hooks from 1 installed plugin(s): kedro-telemetry-0.1.3
2021-12-06 13:21:48,032 - root - INFO - Registered CLI hooks from 1 installed plugin(s): kedro-telemetry-0.1.3
2021-12-06 13:21:48,049 - kedro_telemetry.plugin - INFO - You have opted into product usage analytics.
2021-12-06 13:21:57,467 - root - INFO - Registered CLI hooks from 1 installed plugin(s): kedro-telemetry-0.1.3
2021-12-06 13:21:58,526 - root - INFO - Registered CLI hooks from 1 installed plugin(s): kedro-telemetry-0.1.3
2021-12-06 13:21:58,543 - kedro_telemetry.plugin - INFO - You have opted into product usage analytics.
2021-12-06 13:22:17,695 - root - INFO - Registered CLI hooks from 1 installed plugin(s): kedro-telemetry-0.1.3
2021-12-06 13:22:18,742 - root - INFO - Registered CLI hooks from 1 installed plugin(s): kedro-telemetry-0.1.3
2021-12-06 13:22:18,759 - kedro_telemetry.plugin - INFO - You have opted into product usage analytics.
2021-12-06 13:28:04,364 - root - INFO - Registered CLI hooks from 1 installed plugin(s): kedro-telemetry-0.1.3
2021-12-06 13:28:05,551 - root - INFO - Registered CLI hooks from 1 installed plugin(s): kedro-telemetry-0.1.3
2021-12-06 13:28:05,568 - kedro_telemetry.plugin - INFO - You have opted into product usage analytics.
2021-12-06 13:28:51,534 - root - INFO - Registered CLI hooks from 1 installed plugin(s): kedro-telemetry-0.1.3
2021-12-06 13:28:52,587 - root - INFO - Registered CLI hooks from 1 installed plugin(s): kedro-telemetry-0.1.3
2021-12-06 13:28:52,605 - kedro_telemetry.plugin - INFO - You have opted into product usage analytics.
2021-12-06 13:29:05,550 - root - INFO - Registered CLI hooks from 1 installed plugin(s): kedro-telemetry-0.1.3
2021-12-06 13:29:06,595 - root - INFO - Registered CLI hooks from 1 installed plugin(s): kedro-telemetry-0.1.3
2021-12-06 13:29:06,611 - kedro_telemetry.plugin - INFO - You have opted into product usage analytics.
2021-12-06 13:31:00,611 - root - INFO - Registered CLI hooks from 1 installed plugin(s): kedro-telemetry-0.1.3
2021-12-06 13:31:01,658 - root - INFO - Registered CLI hooks from 1 installed plugin(s): kedro-telemetry-0.1.3
2021-12-06 13:31:01,676 - kedro_telemetry.plugin - INFO - You have opted into product usage analytics.
2021-12-06 13:32:23,773 - root - INFO - Registered CLI hooks from 1 installed plugin(s): kedro-telemetry-0.1.3
2021-12-06 13:32:24,834 - root - INFO - Registered CLI hooks from 1 installed plugin(s): kedro-telemetry-0.1.3
2021-12-06 13:32:24,851 - kedro_telemetry.plugin - INFO - You have opted into product usage analytics.
2021-12-06 13:32:40,349 - root - INFO - Registered CLI hooks from 1 installed plugin(s): kedro-telemetry-0.1.3
2021-12-06 13:32:41,404 - root - INFO - Registered CLI hooks from 1 installed plugin(s): kedro-telemetry-0.1.3
2021-12-06 13:32:41,421 - kedro_telemetry.plugin - INFO - You have opted into product usage analytics.
2021-12-06 14:45:04,001 - root - INFO - Registered CLI hooks from 1 installed plugin(s): kedro-telemetry-0.1.3
2021-12-06 14:45:05,441 - root - INFO - Registered CLI hooks from 1 installed plugin(s): kedro-telemetry-0.1.3
2021-12-06 14:45:05,459 - kedro_telemetry.plugin - INFO - You have opted into product usage analytics.
2021-12-06 14:46:11,282 - root - INFO - Registered CLI hooks from 1 installed plugin(s): kedro-telemetry-0.1.3
2021-12-06 14:46:12,332 - root - INFO - Registered CLI hooks from 1 installed plugin(s): kedro-telemetry-0.1.3
2021-12-06 14:46:12,349 - kedro_telemetry.plugin - INFO - You have opted into product usage analytics.
2021-12-06 14:46:45,866 - root - INFO - Registered CLI hooks from 1 installed plugin(s): kedro-telemetry-0.1.3
2021-12-06 14:46:46,919 - root - INFO - Registered CLI hooks from 1 installed plugin(s): kedro-telemetry-0.1.3
2021-12-06 14:46:46,936 - kedro_telemetry.plugin - INFO - You have opted into product usage analytics.
2021-12-06 14:47:28,322 - root - INFO - Registered CLI hooks from 1 installed plugin(s): kedro-telemetry-0.1.3
2021-12-06 14:47:29,600 - root - INFO - Registered CLI hooks from 1 installed plugin(s): kedro-telemetry-0.1.3
2021-12-06 14:47:29,621 - kedro_telemetry.plugin - INFO - You have opted into product usage analytics.
2021-12-06 14:47:31,277 - kedro.framework.session.store - INFO - `read()` not implemented for `BaseSessionStore`. Assuming empty store.
2021-12-06 17:04:05,043 - root - INFO - Registered CLI hooks from 1 installed plugin(s): kedro-telemetry-0.1.3
2021-12-06 17:04:06,405 - root - INFO - Registered CLI hooks from 1 installed plugin(s): kedro-telemetry-0.1.3
2021-12-06 17:04:06,426 - kedro_telemetry.plugin - INFO - You have opted into product usage analytics.
2021-12-06 17:04:48,750 - root - INFO - Registered CLI hooks from 1 installed plugin(s): kedro-telemetry-0.1.3
2021-12-06 17:04:50,153 - root - INFO - Registered CLI hooks from 1 installed plugin(s): kedro-telemetry-0.1.3
2021-12-06 17:04:50,172 - kedro_telemetry.plugin - INFO - You have opted into product usage analytics.
2021-12-06 17:04:51,722 - kedro.framework.session.store - INFO - `read()` not implemented for `BaseSessionStore`. Assuming empty store.
2021-12-06 17:04:51,749 - kedro.framework.session.session - WARNING - Unable to git describe /home/amir/anaconda3/University/MlOps/Kedro/srgz
2021-12-06 17:08:31,525 - root - INFO - Registered CLI hooks from 1 installed plugin(s): kedro-telemetry-0.1.3
2021-12-06 17:08:32,869 - root - INFO - Registered CLI hooks from 1 installed plugin(s): kedro-telemetry-0.1.3
2021-12-06 17:08:32,887 - kedro_telemetry.plugin - INFO - You have opted into product usage analytics.
2021-12-06 17:08:34,299 - kedro.framework.session.store - INFO - `read()` not implemented for `BaseSessionStore`. Assuming empty store.
2021-12-06 17:08:34,315 - kedro.framework.session.session - WARNING - Unable to git describe /home/amir/anaconda3/University/MlOps/Kedro/srgz
